<?xml version="1.0" encoding="UTF-8"?>
<testng-results skipped="0" failed="0" ignored="0" total="1" passed="1">
  <reporter-output>
  </reporter-output>
  <suite name="Default suite" duration-ms="812" started-at="2022-09-18T16:33:45Z" finished-at="2022-09-18T16:33:46Z">
    <groups>
    </groups>
    <test name="Default test" duration-ms="812" started-at="2022-09-18T16:33:45Z" finished-at="2022-09-18T16:33:46Z">
      <class name="jDBC.Databaseconeectivity">
        <test-method status="PASS" signature="script()[pri:0, instance:jDBC.Databaseconeectivity@28d25987]" name="script" duration-ms="781" started-at="2022-09-18T22:03:45Z" finished-at="2022-09-18T22:03:46Z">
          <reporter-output>
          </reporter-output>
        </test-method> <!-- script -->
      </class> <!-- jDBC.Databaseconeectivity -->
    </test> <!-- Default test -->
  </suite> <!-- Default suite -->
</testng-results>
